Using pre-set license
Built from '2020.3/staging' branch; Version is '2020.3.4f1 (0abb6314276a) revision 703331'; Using compiler version '192528614'; Build Type 'Release'
OS: 'Windows 10 Home Single Language; OS build 22000.466; Version 2009; 64bit' Language: 'en' Physical Memory: 16268 MB
BatchMode: 1, IsHumanControllingUs: 0, StartBugReporterOnCrash: 0, Is64bit: 1, IsPro: 0

 COMMAND LINE ARGUMENTS:
D:\Program Files\Unity Editor\2020.3.4f1\Editor\Unity.exe
-adb2
-batchMode
-noUpm
-name
AssetImportWorker0
-projectPath
F:/1KULIAH/1 SKRIPSI/File Project/Hafalan Surat Pendek
-logFile
Logs/AssetImportWorker0.log
-srvPort
65308
Successfully changed project path to: F:/1KULIAH/1 SKRIPSI/File Project/Hafalan Surat Pendek
F:/1KULIAH/1 SKRIPSI/File Project/Hafalan Surat Pendek
Using Asset Import Pipeline V2.
Refreshing native plugins compatible for Editor in 56.07 ms, found 1 plugins.
Preloading 0 native plugins for Editor in 0.00 ms.
Initialize engine version: 2020.3.4f1 (0abb6314276a)
[Subsystems] Discovering subsystems at path D:/Program Files/Unity Editor/2020.3.4f1/Editor/Data/Resources/UnitySubsystems
[Subsystems] Discovering subsystems at path F:/1KULIAH/1 SKRIPSI/File Project/Hafalan Surat Pendek/Assets
GfxDevice: creating device client; threaded=0
Direct3D:
    Version:  Direct3D 11.0 [level 11.1]
    Renderer: NVIDIA GeForce GTX 1050 (ID=0x1c8d)
    Vendor:   
    VRAM:     4021 MB
    Driver:   30.0.14.7212
Initialize mono
Mono path[0] = 'D:/Program Files/Unity Editor/2020.3.4f1/Editor/Data/Managed'
Mono path[1] = 'D:/Program Files/Unity Editor/2020.3.4f1/Editor/Data/MonoBleedingEdge/lib/mono/unityjit'
Mono config path = 'D:/Program Files/Unity Editor/2020.3.4f1/Editor/Data/MonoBleedingEdge/etc'
Using monoOptions --debugger-agent=transport=dt_socket,embedding=1,server=y,suspend=n,address=127.0.0.1:56936
Begin MonoManager ReloadAssembly
Registering precompiled unity dll's ...
Register platform support module: D:/Program Files/Unity Editor/2020.3.4f1/Editor/Data/PlaybackEngines/WebGLSupport/UnityEditor.WebGL.Extensions.dll
Register platform support module: D:/Program Files/Unity Editor/2020.3.4f1/Editor/Data/PlaybackEngines/WindowsStandaloneSupport/UnityEditor.WindowsStandalone.Extensions.dll
Registered in 0.001162 seconds.
Native extension for WindowsStandalone target not found
Native extension for WebGL target not found
Refreshing native plugins compatible for Editor in 47.55 ms, found 1 plugins.
Preloading 0 native plugins for Editor in 0.00 ms.
Mono: successfully reloaded assembly
- Completed reload, in  1.661 seconds
Platform modules already initialized, skipping
Registering precompiled user dll's ...
Registered in 0.001203 seconds.
Begin MonoManager ReloadAssembly
Native extension for WindowsStandalone target not found
Native extension for WebGL target not found
Refreshing native plugins compatible for Editor in 45.22 ms, found 1 plugins.
Preloading 0 native plugins for Editor in 0.00 ms.
Mono: successfully reloaded assembly
- Completed reload, in  1.086 seconds
Platform modules already initialized, skipping
========================================================================
Worker process is ready to serve import requests
Launched and connected shader compiler UnityShaderCompiler.exe after 0.09 seconds
Refreshing native plugins compatible for Editor in 0.41 ms, found 1 plugins.
Preloading 0 native plugins for Editor in 0.00 ms.
Unloading 1870 Unused Serialized files (Serialized files now loaded: 0)
System memory in use before: 88.2 MB.
System memory in use after: 88.3 MB.

Unloading 20 unused Assets to reduce memory usage. Loaded Objects now: 2317.
Total: 2.525800 ms (FindLiveObjects: 0.203300 ms CreateObjectMapping: 0.082900 ms MarkObjects: 2.117100 ms  DeleteObjects: 0.121100 ms)

========================================================================
Received Import Request.
  path: Assets/Scenes/New Scene.unity
  artifactKey: Guid(9a8b8b22d9734754eb6b7ca83eaf2695) Importer(815301076,1909f56bfc062723c751e8b465ee728b)
Start importing Assets/Scenes/New Scene.unity using Guid(9a8b8b22d9734754eb6b7ca83eaf2695) Importer(815301076,1909f56bfc062723c751e8b465ee728b)  -> (artifact id: '2fcae0de72725e4224aca63edfb0684b') in 0.023339 seconds
  Import took 0.026378 seconds .

========================================================================
Received Import Request.
  Time since last request: 92.967333 seconds.
  path: Assets/Scenes/Catat Hasil Quiz.unity
  artifactKey: Guid(9a8b8b22d9734754eb6b7ca83eaf2695) Importer(815301076,1909f56bfc062723c751e8b465ee728b)
Start importing Assets/Scenes/Catat Hasil Quiz.unity using Guid(9a8b8b22d9734754eb6b7ca83eaf2695) Importer(815301076,1909f56bfc062723c751e8b465ee728b)  -> (artifact id: '7f97be50e54d345664e3093fa625009b') in 0.013987 seconds
  Import took 0.017787 seconds .

========================================================================
Received Import Request.
  Time since last request: 136.078694 seconds.
  path: Assets/Scenes/Catat Hasil Quiz.unity
  artifactKey: Guid(9a8b8b22d9734754eb6b7ca83eaf2695) Importer(815301076,1909f56bfc062723c751e8b465ee728b)
Start importing Assets/Scenes/Catat Hasil Quiz.unity using Guid(9a8b8b22d9734754eb6b7ca83eaf2695) Importer(815301076,1909f56bfc062723c751e8b465ee728b)  -> (artifact id: 'a75bb0650a76025e12ee51a14d218598') in 0.005420 seconds
  Import took 0.009449 seconds .

========================================================================
Received Prepare
Registering precompiled user dll's ...
Registered in 0.001123 seconds.
Begin MonoManager ReloadAssembly
Native extension for WindowsStandalone target not found
Native extension for WebGL target not found
Refreshing native plugins compatible for Editor in 0.45 ms, found 1 plugins.
Preloading 0 native plugins for Editor in 0.00 ms.
Mono: successfully reloaded assembly
- Completed reload, in  0.952 seconds
Platform modules already initialized, skipping
Refreshing native plugins compatible for Editor in 0.40 ms, found 1 plugins.
Preloading 0 native plugins for Editor in 0.00 ms.
Unloading 1847 Unused Serialized files (Serialized files now loaded: 0)
System memory in use before: 86.4 MB.
System memory in use after: 86.6 MB.

Unloading 8 unused Assets to reduce memory usage. Loaded Objects now: 2321.
Total: 3.052900 ms (FindLiveObjects: 0.232900 ms CreateObjectMapping: 0.072100 ms MarkObjects: 2.709200 ms  DeleteObjects: 0.037800 ms)

========================================================================
Received Prepare
Registering precompiled user dll's ...
Registered in 0.002485 seconds.
Begin MonoManager ReloadAssembly
Native extension for WindowsStandalone target not found
Native extension for WebGL target not found
Refreshing native plugins compatible for Editor in 0.38 ms, found 1 plugins.
Preloading 0 native plugins for Editor in 0.00 ms.
Mono: successfully reloaded assembly
- Completed reload, in  1.227 seconds
Platform modules already initialized, skipping
Refreshing native plugins compatible for Editor in 0.45 ms, found 1 plugins.
Preloading 0 native plugins for Editor in 0.00 ms.
Unloading 1847 Unused Serialized files (Serialized files now loaded: 0)
System memory in use before: 86.5 MB.
System memory in use after: 86.6 MB.

Unloading 8 unused Assets to reduce memory usage. Loaded Objects now: 2325.
Total: 2.678800 ms (FindLiveObjects: 0.329600 ms CreateObjectMapping: 0.182700 ms MarkObjects: 2.133900 ms  DeleteObjects: 0.024500 ms)

========================================================================
Received Import Request.
  Time since last request: 492.147600 seconds.
  path: Assets/Scenes/Catat Hasil Quiz.unity
  artifactKey: Guid(9a8b8b22d9734754eb6b7ca83eaf2695) Importer(815301076,1909f56bfc062723c751e8b465ee728b)
Start importing Assets/Scenes/Catat Hasil Quiz.unity using Guid(9a8b8b22d9734754eb6b7ca83eaf2695) Importer(815301076,1909f56bfc062723c751e8b465ee728b)  -> (artifact id: '73aa1d45b76301d308cb5675fde42ea5') in 0.017773 seconds
  Import took 0.021462 seconds .

========================================================================
Received Import Request.
  Time since last request: 406.320742 seconds.
  path: Assets/Scenes/About.unity
  artifactKey: Guid(7401dbf339fa2af4a8facd08cece1b40) Importer(815301076,1909f56bfc062723c751e8b465ee728b)
Start importing Assets/Scenes/About.unity using Guid(7401dbf339fa2af4a8facd08cece1b40) Importer(815301076,1909f56bfc062723c751e8b465ee728b)  -> (artifact id: '03306d536328f19ca18cb1bccb8d6eef') in 0.293535 seconds
  Import took 0.296807 seconds .

========================================================================
Received Import Request.
  Time since last request: 2.368731 seconds.
  path: Assets/Scenes/BacaAlFalaq.unity
  artifactKey: Guid(40b272f0e881f974393b274c25b69340) Importer(815301076,1909f56bfc062723c751e8b465ee728b)
Start importing Assets/Scenes/BacaAlFalaq.unity using Guid(40b272f0e881f974393b274c25b69340) Importer(815301076,1909f56bfc062723c751e8b465ee728b)  -> (artifact id: '5a5b1fe6d8708855d974b2eea8e06376') in 0.034724 seconds
  Import took 0.038463 seconds .

========================================================================
Received Import Request.
  Time since last request: 1.003544 seconds.
  path: Assets/Scenes/BacaAlKafirun.unity
  artifactKey: Guid(7b7a5e7ac5bf9284e88ae8d4f16bad48) Importer(815301076,1909f56bfc062723c751e8b465ee728b)
Start importing Assets/Scenes/BacaAlKafirun.unity using Guid(7b7a5e7ac5bf9284e88ae8d4f16bad48) Importer(815301076,1909f56bfc062723c751e8b465ee728b)  -> (artifact id: '1adcd249b087d600f91e0df0224ae371') in 0.036374 seconds
  Import took 0.040795 seconds .

========================================================================
Received Import Request.
  Time since last request: 0.404448 seconds.
  path: Assets/Scenes/BacaAlIkhlas.unity
  artifactKey: Guid(b2e93c15a3feb1f47b20742917fac032) Importer(815301076,1909f56bfc062723c751e8b465ee728b)
Start importing Assets/Scenes/BacaAlIkhlas.unity using Guid(b2e93c15a3feb1f47b20742917fac032) Importer(815301076,1909f56bfc062723c751e8b465ee728b)  -> (artifact id: '4fb6cb42a9b922ede799650a3bec7ac5') in 0.013996 seconds
  Import took 0.017391 seconds .

========================================================================
Received Import Request.
  Time since last request: 1.301484 seconds.
  path: Assets/Scenes/BacaAlKausar.unity
  artifactKey: Guid(90cf34b9233782b4093b5b6fd19431c5) Importer(815301076,1909f56bfc062723c751e8b465ee728b)
Start importing Assets/Scenes/BacaAlKausar.unity using Guid(90cf34b9233782b4093b5b6fd19431c5) Importer(815301076,1909f56bfc062723c751e8b465ee728b)  -> (artifact id: '906407e49116fcafbc830d8d18668ad9') in 0.014337 seconds
  Import took 0.017763 seconds .

========================================================================
Received Import Request.
  Time since last request: 0.535846 seconds.
  path: Assets/Scenes/BacaAlLahab.unity
  artifactKey: Guid(2033caf981e2bef4d854138f5c3f7b07) Importer(815301076,1909f56bfc062723c751e8b465ee728b)
Start importing Assets/Scenes/BacaAlLahab.unity using Guid(2033caf981e2bef4d854138f5c3f7b07) Importer(815301076,1909f56bfc062723c751e8b465ee728b)  -> (artifact id: '1b07729a644eb507352e4de68509cf50') in 0.021975 seconds
  Import took 0.025517 seconds .

========================================================================
Received Import Request.
  Time since last request: 0.539417 seconds.
  path: Assets/Scenes/BacaAnNas.unity
  artifactKey: Guid(d14a30f7f7b9dc842abfcc4a2edc36af) Importer(815301076,1909f56bfc062723c751e8b465ee728b)
Start importing Assets/Scenes/BacaAnNas.unity using Guid(d14a30f7f7b9dc842abfcc4a2edc36af) Importer(815301076,1909f56bfc062723c751e8b465ee728b)  -> (artifact id: 'a74b63be7596cbc35d13613b240feeb2') in 0.012688 seconds
  Import took 0.016965 seconds .

========================================================================
Received Import Request.
  Time since last request: 1.321848 seconds.
  path: Assets/Scenes/Catat Hasil Quiz.unity
  artifactKey: Guid(9a8b8b22d9734754eb6b7ca83eaf2695) Importer(815301076,1909f56bfc062723c751e8b465ee728b)
Start importing Assets/Scenes/Catat Hasil Quiz.unity using Guid(9a8b8b22d9734754eb6b7ca83eaf2695) Importer(815301076,1909f56bfc062723c751e8b465ee728b)  -> (artifact id: 'f4eac47b3f87857a4cd36d9a16fc8566') in 0.004440 seconds
  Import took 0.008247 seconds .

========================================================================
Received Import Request.
  Time since last request: 2.150085 seconds.
  path: Assets/Scenes/Menu.unity
  artifactKey: Guid(ee512acafd01c074abe19a315b620f05) Importer(815301076,1909f56bfc062723c751e8b465ee728b)
Start importing Assets/Scenes/Menu.unity using Guid(ee512acafd01c074abe19a315b620f05) Importer(815301076,1909f56bfc062723c751e8b465ee728b)  -> (artifact id: '508c3c784da54d026ba13a2f22a13bb4') in 0.042151 seconds
  Import took 0.045580 seconds .

========================================================================
Received Prepare
Registering precompiled user dll's ...
Registered in 0.001024 seconds.
Begin MonoManager ReloadAssembly
Native extension for WindowsStandalone target not found
Native extension for WebGL target not found
Refreshing native plugins compatible for Editor in 0.36 ms, found 1 plugins.
Preloading 0 native plugins for Editor in 0.00 ms.
Mono: successfully reloaded assembly
- Completed reload, in  1.030 seconds
Platform modules already initialized, skipping
Refreshing native plugins compatible for Editor in 0.44 ms, found 1 plugins.
Preloading 0 native plugins for Editor in 0.00 ms.
Unloading 1847 Unused Serialized files (Serialized files now loaded: 0)
System memory in use before: 86.6 MB.
System memory in use after: 86.7 MB.

Unloading 8 unused Assets to reduce memory usage. Loaded Objects now: 2329.
Total: 2.202600 ms (FindLiveObjects: 0.239800 ms CreateObjectMapping: 0.085300 ms MarkObjects: 1.826700 ms  DeleteObjects: 0.049600 ms)

========================================================================
Received Import Request.
  Time since last request: 408.656138 seconds.
  path: Assets/Scenes/Catat Hasil Quiz.unity
  artifactKey: Guid(9a8b8b22d9734754eb6b7ca83eaf2695) Importer(815301076,1909f56bfc062723c751e8b465ee728b)
Start importing Assets/Scenes/Catat Hasil Quiz.unity using Guid(9a8b8b22d9734754eb6b7ca83eaf2695) Importer(815301076,1909f56bfc062723c751e8b465ee728b)  -> (artifact id: 'd21500fd5f730687d30788bab7b7e164') in 0.018564 seconds
  Import took 0.022200 seconds .

========================================================================
Received Prepare
Registering precompiled user dll's ...
Registered in 0.001077 seconds.
Begin MonoManager ReloadAssembly
Native extension for WindowsStandalone target not found
Native extension for WebGL target not found
Refreshing native plugins compatible for Editor in 0.38 ms, found 1 plugins.
Preloading 0 native plugins for Editor in 0.00 ms.
Mono: successfully reloaded assembly
- Completed reload, in  0.950 seconds
Platform modules already initialized, skipping
Refreshing native plugins compatible for Editor in 0.39 ms, found 1 plugins.
Preloading 0 native plugins for Editor in 0.00 ms.
Unloading 1847 Unused Serialized files (Serialized files now loaded: 0)
System memory in use before: 86.6 MB.
System memory in use after: 86.7 MB.

Unloading 8 unused Assets to reduce memory usage. Loaded Objects now: 2333.
Total: 2.795800 ms (FindLiveObjects: 0.333700 ms CreateObjectMapping: 0.114700 ms MarkObjects: 2.309300 ms  DeleteObjects: 0.036700 ms)

========================================================================
Received Prepare
Registering precompiled user dll's ...
Registered in 0.001328 seconds.
Begin MonoManager ReloadAssembly
Native extension for WindowsStandalone target not found
Native extension for WebGL target not found
Refreshing native plugins compatible for Editor in 0.75 ms, found 1 plugins.
Preloading 0 native plugins for Editor in 0.00 ms.
Mono: successfully reloaded assembly
- Completed reload, in  1.043 seconds
Platform modules already initialized, skipping
Refreshing native plugins compatible for Editor in 0.37 ms, found 1 plugins.
Preloading 0 native plugins for Editor in 0.00 ms.
Unloading 1847 Unused Serialized files (Serialized files now loaded: 0)
System memory in use before: 86.6 MB.
System memory in use after: 86.7 MB.

Unloading 8 unused Assets to reduce memory usage. Loaded Objects now: 2337.
Total: 2.356400 ms (FindLiveObjects: 0.308800 ms CreateObjectMapping: 0.099200 ms MarkObjects: 1.895700 ms  DeleteObjects: 0.051600 ms)

========================================================================
Received Prepare
Registering precompiled user dll's ...
Registered in 0.001331 seconds.
Begin MonoManager ReloadAssembly
Native extension for WindowsStandalone target not found
Native extension for WebGL target not found
Refreshing native plugins compatible for Editor in 0.41 ms, found 1 plugins.
Preloading 0 native plugins for Editor in 0.00 ms.
Mono: successfully reloaded assembly
- Completed reload, in  0.927 seconds
Platform modules already initialized, skipping
Refreshing native plugins compatible for Editor in 0.39 ms, found 1 plugins.
Preloading 0 native plugins for Editor in 0.00 ms.
Unloading 1847 Unused Serialized files (Serialized files now loaded: 0)
System memory in use before: 86.6 MB.
System memory in use after: 86.7 MB.

Unloading 8 unused Assets to reduce memory usage. Loaded Objects now: 2341.
Total: 2.213200 ms (FindLiveObjects: 0.367900 ms CreateObjectMapping: 0.071500 ms MarkObjects: 1.735400 ms  DeleteObjects: 0.037000 ms)

========================================================================
Received Prepare
Registering precompiled user dll's ...
Registered in 0.001041 seconds.
Begin MonoManager ReloadAssembly
Native extension for WindowsStandalone target not found
Native extension for WebGL target not found
Refreshing native plugins compatible for Editor in 0.38 ms, found 1 plugins.
Preloading 0 native plugins for Editor in 0.00 ms.
Mono: successfully reloaded assembly
- Completed reload, in  0.916 seconds
Platform modules already initialized, skipping
Refreshing native plugins compatible for Editor in 0.38 ms, found 1 plugins.
Preloading 0 native plugins for Editor in 0.00 ms.
Unloading 1847 Unused Serialized files (Serialized files now loaded: 0)
System memory in use before: 86.6 MB.
System memory in use after: 86.7 MB.

Unloading 8 unused Assets to reduce memory usage. Loaded Objects now: 2345.
Total: 2.824200 ms (FindLiveObjects: 0.375100 ms CreateObjectMapping: 0.114400 ms MarkObjects: 2.280700 ms  DeleteObjects: 0.034300 ms)

========================================================================
Received Prepare
Registering precompiled user dll's ...
Registered in 0.001161 seconds.
Begin MonoManager ReloadAssembly
Native extension for WindowsStandalone target not found
Native extension for WebGL target not found
Refreshing native plugins compatible for Editor in 0.43 ms, found 1 plugins.
Preloading 0 native plugins for Editor in 0.00 ms.
Mono: successfully reloaded assembly
- Completed reload, in  1.055 seconds
Platform modules already initialized, skipping
Refreshing native plugins compatible for Editor in 0.46 ms, found 1 plugins.
Preloading 0 native plugins for Editor in 0.00 ms.
Unloading 1847 Unused Serialized files (Serialized files now loaded: 0)
System memory in use before: 86.6 MB.
System memory in use after: 86.7 MB.

Unloading 8 unused Assets to reduce memory usage. Loaded Objects now: 2349.
Total: 4.447300 ms (FindLiveObjects: 0.222000 ms CreateObjectMapping: 0.110000 ms MarkObjects: 4.089500 ms  DeleteObjects: 0.024000 ms)

========================================================================
Received Prepare
Registering precompiled user dll's ...
Registered in 0.001146 seconds.
Begin MonoManager ReloadAssembly
Native extension for WindowsStandalone target not found
Native extension for WebGL target not found
Refreshing native plugins compatible for Editor in 0.43 ms, found 1 plugins.
Preloading 0 native plugins for Editor in 0.00 ms.
Mono: successfully reloaded assembly
- Completed reload, in  0.929 seconds
Platform modules already initialized, skipping
Refreshing native plugins compatible for Editor in 0.62 ms, found 1 plugins.
Preloading 0 native plugins for Editor in 0.00 ms.
Unloading 1847 Unused Serialized files (Serialized files now loaded: 0)
System memory in use before: 86.6 MB.
System memory in use after: 86.7 MB.

Unloading 8 unused Assets to reduce memory usage. Loaded Objects now: 2353.
Total: 3.041500 ms (FindLiveObjects: 0.229800 ms CreateObjectMapping: 0.091500 ms MarkObjects: 2.661200 ms  DeleteObjects: 0.057900 ms)

========================================================================
Received Prepare
Registering precompiled user dll's ...
Registered in 0.001074 seconds.
Begin MonoManager ReloadAssembly
Native extension for WindowsStandalone target not found
Native extension for WebGL target not found
Refreshing native plugins compatible for Editor in 0.51 ms, found 1 plugins.
Preloading 0 native plugins for Editor in 0.00 ms.
Mono: successfully reloaded assembly
- Completed reload, in  0.892 seconds
Platform modules already initialized, skipping
Refreshing native plugins compatible for Editor in 0.40 ms, found 1 plugins.
Preloading 0 native plugins for Editor in 0.00 ms.
Unloading 1847 Unused Serialized files (Serialized files now loaded: 0)
System memory in use before: 86.6 MB.
System memory in use after: 86.7 MB.

Unloading 8 unused Assets to reduce memory usage. Loaded Objects now: 2357.
Total: 2.793400 ms (FindLiveObjects: 0.380800 ms CreateObjectMapping: 0.118700 ms MarkObjects: 2.252200 ms  DeleteObjects: 0.040500 ms)

========================================================================
Received Prepare
Registering precompiled user dll's ...
Registered in 0.001095 seconds.
Begin MonoManager ReloadAssembly
Native extension for WindowsStandalone target not found
Native extension for WebGL target not found
Refreshing native plugins compatible for Editor in 0.55 ms, found 1 plugins.
Preloading 0 native plugins for Editor in 0.00 ms.
Mono: successfully reloaded assembly
- Completed reload, in  1.082 seconds
Platform modules already initialized, skipping
Refreshing native plugins compatible for Editor in 0.42 ms, found 1 plugins.
Preloading 0 native plugins for Editor in 0.00 ms.
Unloading 1847 Unused Serialized files (Serialized files now loaded: 0)
System memory in use before: 86.6 MB.
System memory in use after: 86.8 MB.

Unloading 8 unused Assets to reduce memory usage. Loaded Objects now: 2361.
Total: 2.860500 ms (FindLiveObjects: 0.304000 ms CreateObjectMapping: 0.128700 ms MarkObjects: 2.403700 ms  DeleteObjects: 0.022300 ms)

========================================================================
Received Prepare
Registering precompiled user dll's ...
Registered in 0.001067 seconds.
Begin MonoManager ReloadAssembly
Native extension for WindowsStandalone target not found
Native extension for WebGL target not found
Refreshing native plugins compatible for Editor in 0.38 ms, found 1 plugins.
Preloading 0 native plugins for Editor in 0.00 ms.
Mono: successfully reloaded assembly
- Completed reload, in  0.973 seconds
Platform modules already initialized, skipping
Refreshing native plugins compatible for Editor in 0.39 ms, found 1 plugins.
Preloading 0 native plugins for Editor in 0.00 ms.
Unloading 1847 Unused Serialized files (Serialized files now loaded: 0)
System memory in use before: 86.7 MB.
System memory in use after: 86.8 MB.

Unloading 8 unused Assets to reduce memory usage. Loaded Objects now: 2365.
Total: 2.560800 ms (FindLiveObjects: 0.323300 ms CreateObjectMapping: 0.114600 ms MarkObjects: 2.099600 ms  DeleteObjects: 0.022200 ms)

========================================================================
Received Prepare
Registering precompiled user dll's ...
Registered in 0.001175 seconds.
Begin MonoManager ReloadAssembly
Native extension for WindowsStandalone target not found
Native extension for WebGL target not found
Refreshing native plugins compatible for Editor in 0.52 ms, found 1 plugins.
Preloading 0 native plugins for Editor in 0.00 ms.
Mono: successfully reloaded assembly
- Completed reload, in  1.070 seconds
Platform modules already initialized, skipping
Refreshing native plugins compatible for Editor in 0.51 ms, found 1 plugins.
Preloading 0 native plugins for Editor in 0.00 ms.
Unloading 1847 Unused Serialized files (Serialized files now loaded: 0)
System memory in use before: 86.7 MB.
System memory in use after: 86.8 MB.

Unloading 8 unused Assets to reduce memory usage. Loaded Objects now: 2369.
Total: 2.664800 ms (FindLiveObjects: 0.420600 ms CreateObjectMapping: 0.248300 ms MarkObjects: 1.957800 ms  DeleteObjects: 0.036900 ms)

========================================================================
Received Prepare
Registering precompiled user dll's ...
Registered in 0.001214 seconds.
Begin MonoManager ReloadAssembly
Native extension for WindowsStandalone target not found
Native extension for WebGL target not found
Refreshing native plugins compatible for Editor in 0.39 ms, found 1 plugins.
Preloading 0 native plugins for Editor in 0.00 ms.
Mono: successfully reloaded assembly
- Completed reload, in  0.947 seconds
Platform modules already initialized, skipping
Refreshing native plugins compatible for Editor in 0.65 ms, found 1 plugins.
Preloading 0 native plugins for Editor in 0.00 ms.
Unloading 1847 Unused Serialized files (Serialized files now loaded: 0)
System memory in use before: 86.7 MB.
System memory in use after: 86.8 MB.

Unloading 8 unused Assets to reduce memory usage. Loaded Objects now: 2373.
Total: 2.907700 ms (FindLiveObjects: 0.304600 ms CreateObjectMapping: 0.092100 ms MarkObjects: 2.455900 ms  DeleteObjects: 0.054000 ms)

========================================================================
Received Prepare
Registering precompiled user dll's ...
Registered in 0.001148 seconds.
Begin MonoManager ReloadAssembly
Native extension for WindowsStandalone target not found
Native extension for WebGL target not found
Refreshing native plugins compatible for Editor in 0.55 ms, found 1 plugins.
Preloading 0 native plugins for Editor in 0.00 ms.
Mono: successfully reloaded assembly
- Completed reload, in  1.057 seconds
Platform modules already initialized, skipping
Refreshing native plugins compatible for Editor in 0.38 ms, found 1 plugins.
Preloading 0 native plugins for Editor in 0.00 ms.
Unloading 1847 Unused Serialized files (Serialized files now loaded: 0)
System memory in use before: 86.7 MB.
System memory in use after: 86.8 MB.

Unloading 8 unused Assets to reduce memory usage. Loaded Objects now: 2377.
Total: 3.277600 ms (FindLiveObjects: 0.259100 ms CreateObjectMapping: 0.142600 ms MarkObjects: 2.843200 ms  DeleteObjects: 0.031400 ms)

========================================================================
Received Prepare
Registering precompiled user dll's ...
Registered in 0.001544 seconds.
Begin MonoManager ReloadAssembly
Native extension for WindowsStandalone target not found
Native extension for WebGL target not found
Refreshing native plugins compatible for Editor in 0.43 ms, found 1 plugins.
Preloading 0 native plugins for Editor in 0.00 ms.
Mono: successfully reloaded assembly
- Completed reload, in  0.992 seconds
Platform modules already initialized, skipping
Refreshing native plugins compatible for Editor in 0.38 ms, found 1 plugins.
Preloading 0 native plugins for Editor in 0.00 ms.
Unloading 1847 Unused Serialized files (Serialized files now loaded: 0)
System memory in use before: 86.7 MB.
System memory in use after: 86.8 MB.

Unloading 8 unused Assets to reduce memory usage. Loaded Objects now: 2381.
Total: 2.318300 ms (FindLiveObjects: 0.223200 ms CreateObjectMapping: 0.086400 ms MarkObjects: 1.965900 ms  DeleteObjects: 0.041700 ms)

========================================================================
Received Prepare
Registering precompiled user dll's ...
Registered in 0.001432 seconds.
Begin MonoManager ReloadAssembly
Native extension for WindowsStandalone target not found
Native extension for WebGL target not found
Refreshing native plugins compatible for Editor in 0.43 ms, found 1 plugins.
Preloading 0 native plugins for Editor in 0.00 ms.
Mono: successfully reloaded assembly
- Completed reload, in  1.016 seconds
Platform modules already initialized, skipping
Refreshing native plugins compatible for Editor in 0.39 ms, found 1 plugins.
Preloading 0 native plugins for Editor in 0.00 ms.
Unloading 1847 Unused Serialized files (Serialized files now loaded: 0)
System memory in use before: 86.7 MB.
System memory in use after: 86.8 MB.

Unloading 8 unused Assets to reduce memory usage. Loaded Objects now: 2385.
Total: 2.020900 ms (FindLiveObjects: 0.245200 ms CreateObjectMapping: 0.056300 ms MarkObjects: 1.700800 ms  DeleteObjects: 0.017600 ms)

========================================================================
Received Prepare
Registering precompiled user dll's ...
Registered in 0.001086 seconds.
Begin MonoManager ReloadAssembly
Native extension for WindowsStandalone target not found
Native extension for WebGL target not found
Refreshing native plugins compatible for Editor in 0.39 ms, found 1 plugins.
Preloading 0 native plugins for Editor in 0.00 ms.
Mono: successfully reloaded assembly
- Completed reload, in  1.074 seconds
Platform modules already initialized, skipping
Refreshing native plugins compatible for Editor in 0.37 ms, found 1 plugins.
Preloading 0 native plugins for Editor in 0.00 ms.
Unloading 1847 Unused Serialized files (Serialized files now loaded: 0)
System memory in use before: 86.7 MB.
System memory in use after: 86.8 MB.

Unloading 8 unused Assets to reduce memory usage. Loaded Objects now: 2389.
Total: 2.547800 ms (FindLiveObjects: 0.399500 ms CreateObjectMapping: 0.116900 ms MarkObjects: 1.991100 ms  DeleteObjects: 0.039400 ms)

========================================================================
Received Import Request.
  Time since last request: 2148.783962 seconds.
  path: Assets/Scenes/Catat Hasil Quiz.unity
  artifactKey: Guid(9a8b8b22d9734754eb6b7ca83eaf2695) Importer(815301076,1909f56bfc062723c751e8b465ee728b)
Start importing Assets/Scenes/Catat Hasil Quiz.unity using Guid(9a8b8b22d9734754eb6b7ca83eaf2695) Importer(815301076,1909f56bfc062723c751e8b465ee728b)  -> (artifact id: '9c5d0526cd6868b21158ada8c24cd366') in 0.012351 seconds
  Import took 0.015335 seconds .

========================================================================
Received Import Request.
  Time since last request: 0.003327 seconds.
  path: Assets/Scenes/Catat Hasil Quiz.unity
  artifactKey: Guid(9a8b8b22d9734754eb6b7ca83eaf2695) Importer(815301076,1909f56bfc062723c751e8b465ee728b)
Start importing Assets/Scenes/Catat Hasil Quiz.unity using Guid(9a8b8b22d9734754eb6b7ca83eaf2695) Importer(815301076,1909f56bfc062723c751e8b465ee728b)  -> (artifact id: '9c5d0526cd6868b21158ada8c24cd366') in 0.004775 seconds
  Import took 0.008612 seconds .

========================================================================
Received Prepare
Registering precompiled user dll's ...
Registered in 0.001372 seconds.
Begin MonoManager ReloadAssembly
Native extension for WindowsStandalone target not found
Native extension for WebGL target not found
Refreshing native plugins compatible for Editor in 0.37 ms, found 1 plugins.
Preloading 0 native plugins for Editor in 0.00 ms.
Mono: successfully reloaded assembly
- Completed reload, in  0.976 seconds
Platform modules already initialized, skipping
Refreshing native plugins compatible for Editor in 0.40 ms, found 1 plugins.
Preloading 0 native plugins for Editor in 0.00 ms.
Unloading 1847 Unused Serialized files (Serialized files now loaded: 0)
System memory in use before: 86.7 MB.
System memory in use after: 86.8 MB.

Unloading 8 unused Assets to reduce memory usage. Loaded Objects now: 2393.
Total: 2.428400 ms (FindLiveObjects: 0.267100 ms CreateObjectMapping: 0.090500 ms MarkObjects: 2.051500 ms  DeleteObjects: 0.017700 ms)

========================================================================
Received Prepare
Registering precompiled user dll's ...
Registered in 0.001174 seconds.
Begin MonoManager ReloadAssembly
Native extension for WindowsStandalone target not found
Native extension for WebGL target not found
Refreshing native plugins compatible for Editor in 0.38 ms, found 1 plugins.
Preloading 0 native plugins for Editor in 0.00 ms.
Mono: successfully reloaded assembly
- Completed reload, in  1.034 seconds
Platform modules already initialized, skipping
Refreshing native plugins compatible for Editor in 0.38 ms, found 1 plugins.
Preloading 0 native plugins for Editor in 0.00 ms.
Unloading 1847 Unused Serialized files (Serialized files now loaded: 0)
System memory in use before: 86.7 MB.
System memory in use after: 86.8 MB.

Unloading 8 unused Assets to reduce memory usage. Loaded Objects now: 2397.
Total: 2.581900 ms (FindLiveObjects: 0.386900 ms CreateObjectMapping: 0.089200 ms MarkObjects: 2.046200 ms  DeleteObjects: 0.058400 ms)

========================================================================
Received Import Request.
  Time since last request: 125.437293 seconds.
  path: Assets/Scenes/Catat Hasil Quiz.unity
  artifactKey: Guid(9a8b8b22d9734754eb6b7ca83eaf2695) Importer(815301076,1909f56bfc062723c751e8b465ee728b)
Start importing Assets/Scenes/Catat Hasil Quiz.unity using Guid(9a8b8b22d9734754eb6b7ca83eaf2695) Importer(815301076,1909f56bfc062723c751e8b465ee728b)  -> (artifact id: '856a4ac502efcc9388413cde966054d8') in 0.015449 seconds
  Import took 0.018521 seconds .

========================================================================
Received Prepare
Registering precompiled user dll's ...
Registered in 0.001085 seconds.
Begin MonoManager ReloadAssembly
Native extension for WindowsStandalone target not found
Native extension for WebGL target not found
Refreshing native plugins compatible for Editor in 0.59 ms, found 1 plugins.
Preloading 0 native plugins for Editor in 0.00 ms.
Mono: successfully reloaded assembly
- Completed reload, in  0.898 seconds
Platform modules already initialized, skipping
Refreshing native plugins compatible for Editor in 0.40 ms, found 1 plugins.
Preloading 0 native plugins for Editor in 0.00 ms.
Unloading 1847 Unused Serialized files (Serialized files now loaded: 0)
System memory in use before: 86.7 MB.
System memory in use after: 86.8 MB.

Unloading 8 unused Assets to reduce memory usage. Loaded Objects now: 2401.
Total: 2.340100 ms (FindLiveObjects: 0.284300 ms CreateObjectMapping: 0.072900 ms MarkObjects: 1.960000 ms  DeleteObjects: 0.021900 ms)

========================================================================
Received Prepare
Registering precompiled user dll's ...
Registered in 0.001063 seconds.
Begin MonoManager ReloadAssembly
Native extension for WindowsStandalone target not found
Native extension for WebGL target not found
Refreshing native plugins compatible for Editor in 0.40 ms, found 1 plugins.
Preloading 0 native plugins for Editor in 0.00 ms.
Mono: successfully reloaded assembly
- Completed reload, in  0.984 seconds
Platform modules already initialized, skipping
Refreshing native plugins compatible for Editor in 0.41 ms, found 1 plugins.
Preloading 0 native plugins for Editor in 0.00 ms.
Unloading 1847 Unused Serialized files (Serialized files now loaded: 0)
System memory in use before: 86.7 MB.
System memory in use after: 86.9 MB.

Unloading 8 unused Assets to reduce memory usage. Loaded Objects now: 2405.
Total: 2.733200 ms (FindLiveObjects: 0.370900 ms CreateObjectMapping: 0.133500 ms MarkObjects: 2.176300 ms  DeleteObjects: 0.050100 ms)

========================================================================
Received Prepare
Registering precompiled user dll's ...
Registered in 0.001994 seconds.
Begin MonoManager ReloadAssembly
Native extension for WindowsStandalone target not found
Native extension for WebGL target not found
Refreshing native plugins compatible for Editor in 0.46 ms, found 1 plugins.
Preloading 0 native plugins for Editor in 0.00 ms.
Mono: successfully reloaded assembly
- Completed reload, in  0.912 seconds
Platform modules already initialized, skipping
Refreshing native plugins compatible for Editor in 0.40 ms, found 1 plugins.
Preloading 0 native plugins for Editor in 0.00 ms.
Unloading 1847 Unused Serialized files (Serialized files now loaded: 0)
System memory in use before: 86.8 MB.
System memory in use after: 86.9 MB.

Unloading 8 unused Assets to reduce memory usage. Loaded Objects now: 2409.
Total: 2.449200 ms (FindLiveObjects: 0.408400 ms CreateObjectMapping: 0.078100 ms MarkObjects: 1.922800 ms  DeleteObjects: 0.038500 ms)

========================================================================
Received Prepare
Registering precompiled user dll's ...
Registered in 0.001160 seconds.
Begin MonoManager ReloadAssembly
Native extension for WindowsStandalone target not found
Native extension for WebGL target not found
Refreshing native plugins compatible for Editor in 0.38 ms, found 1 plugins.
Preloading 0 native plugins for Editor in 0.00 ms.
Mono: successfully reloaded assembly
- Completed reload, in  0.921 seconds
Platform modules already initialized, skipping
Refreshing native plugins compatible for Editor in 0.45 ms, found 1 plugins.
Preloading 0 native plugins for Editor in 0.00 ms.
Unloading 1847 Unused Serialized files (Serialized files now loaded: 0)
System memory in use before: 86.8 MB.
System memory in use after: 86.9 MB.

Unloading 8 unused Assets to reduce memory usage. Loaded Objects now: 2413.
Total: 2.627600 ms (FindLiveObjects: 0.238500 ms CreateObjectMapping: 0.102200 ms MarkObjects: 2.244300 ms  DeleteObjects: 0.020300 ms)

========================================================================
Received Prepare
Registering precompiled user dll's ...
Registered in 0.001091 seconds.
Begin MonoManager ReloadAssembly
Native extension for WindowsStandalone target not found
Native extension for WebGL target not found
Refreshing native plugins compatible for Editor in 0.37 ms, found 1 plugins.
Preloading 0 native plugins for Editor in 0.00 ms.
Mono: successfully reloaded assembly
- Completed reload, in  0.918 seconds
Platform modules already initialized, skipping
Refreshing native plugins compatible for Editor in 0.38 ms, found 1 plugins.
Preloading 0 native plugins for Editor in 0.00 ms.
Unloading 1847 Unused Serialized files (Serialized files now loaded: 0)
System memory in use before: 86.8 MB.
System memory in use after: 86.9 MB.

Unloading 8 unused Assets to reduce memory usage. Loaded Objects now: 2417.
Total: 3.015700 ms (FindLiveObjects: 0.445200 ms CreateObjectMapping: 0.125100 ms MarkObjects: 2.404800 ms  DeleteObjects: 0.035400 ms)

========================================================================
Received Prepare
Registering precompiled user dll's ...
Registered in 0.001076 seconds.
Begin MonoManager ReloadAssembly
Native extension for WindowsStandalone target not found
Native extension for WebGL target not found
Refreshing native plugins compatible for Editor in 0.36 ms, found 1 plugins.
Preloading 0 native plugins for Editor in 0.00 ms.
Mono: successfully reloaded assembly
- Completed reload, in  0.964 seconds
Platform modules already initialized, skipping
Refreshing native plugins compatible for Editor in 0.38 ms, found 1 plugins.
Preloading 0 native plugins for Editor in 0.00 ms.
Unloading 1847 Unused Serialized files (Serialized files now loaded: 0)
System memory in use before: 86.8 MB.
System memory in use after: 86.9 MB.

Unloading 8 unused Assets to reduce memory usage. Loaded Objects now: 2421.
Total: 2.359100 ms (FindLiveObjects: 0.313000 ms CreateObjectMapping: 0.084300 ms MarkObjects: 1.920800 ms  DeleteObjects: 0.039600 ms)

========================================================================
Received Prepare
Registering precompiled user dll's ...
Registered in 0.002452 seconds.
Begin MonoManager ReloadAssembly
Native extension for WindowsStandalone target not found
Native extension for WebGL target not found
Refreshing native plugins compatible for Editor in 0.51 ms, found 1 plugins.
Preloading 0 native plugins for Editor in 0.00 ms.
Mono: successfully reloaded assembly
- Completed reload, in  1.498 seconds
Platform modules already initialized, skipping
Refreshing native plugins compatible for Editor in 0.81 ms, found 1 plugins.
Preloading 0 native plugins for Editor in 0.00 ms.
Unloading 1847 Unused Serialized files (Serialized files now loaded: 0)
System memory in use before: 86.8 MB.
System memory in use after: 86.9 MB.

Unloading 8 unused Assets to reduce memory usage. Loaded Objects now: 2425.
Total: 3.323900 ms (FindLiveObjects: 0.306900 ms CreateObjectMapping: 0.115000 ms MarkObjects: 2.861400 ms  DeleteObjects: 0.038400 ms)

========================================================================
Received Prepare
Registering precompiled user dll's ...
Registered in 0.002643 seconds.
Begin MonoManager ReloadAssembly
Native extension for WindowsStandalone target not found
Native extension for WebGL target not found
Refreshing native plugins compatible for Editor in 0.78 ms, found 1 plugins.
Preloading 0 native plugins for Editor in 0.00 ms.
Mono: successfully reloaded assembly
- Completed reload, in  1.621 seconds
Platform modules already initialized, skipping
Refreshing native plugins compatible for Editor in 0.99 ms, found 1 plugins.
Preloading 0 native plugins for Editor in 0.00 ms.
Unloading 1847 Unused Serialized files (Serialized files now loaded: 0)
System memory in use before: 86.8 MB.
System memory in use after: 86.9 MB.

Unloading 8 unused Assets to reduce memory usage. Loaded Objects now: 2429.
Total: 4.703100 ms (FindLiveObjects: 0.813000 ms CreateObjectMapping: 0.405300 ms MarkObjects: 3.437900 ms  DeleteObjects: 0.043500 ms)

========================================================================
Received Prepare
Registering precompiled user dll's ...
Registered in 0.001146 seconds.
Begin MonoManager ReloadAssembly
Native extension for WindowsStandalone target not found
Native extension for WebGL target not found
Refreshing native plugins compatible for Editor in 0.48 ms, found 1 plugins.
Preloading 0 native plugins for Editor in 0.00 ms.
Mono: successfully reloaded assembly
- Completed reload, in  0.962 seconds
Platform modules already initialized, skipping
Refreshing native plugins compatible for Editor in 0.39 ms, found 1 plugins.
Preloading 0 native plugins for Editor in 0.00 ms.
Unloading 1847 Unused Serialized files (Serialized files now loaded: 0)
System memory in use before: 86.8 MB.
System memory in use after: 86.9 MB.

Unloading 8 unused Assets to reduce memory usage. Loaded Objects now: 2433.
Total: 3.198800 ms (FindLiveObjects: 0.404300 ms CreateObjectMapping: 0.151800 ms MarkObjects: 2.606300 ms  DeleteObjects: 0.035100 ms)

========================================================================
Received Prepare
Registering precompiled user dll's ...
Registered in 0.005306 seconds.
Begin MonoManager ReloadAssembly
Native extension for WindowsStandalone target not found
Native extension for WebGL target not found
Refreshing native plugins compatible for Editor in 0.74 ms, found 1 plugins.
Preloading 0 native plugins for Editor in 0.00 ms.
Mono: successfully reloaded assembly
- Completed reload, in  1.425 seconds
Platform modules already initialized, skipping
Refreshing native plugins compatible for Editor in 0.60 ms, found 1 plugins.
Preloading 0 native plugins for Editor in 0.00 ms.
Unloading 1847 Unused Serialized files (Serialized files now loaded: 0)
System memory in use before: 86.8 MB.
System memory in use after: 86.9 MB.

Unloading 8 unused Assets to reduce memory usage. Loaded Objects now: 2437.
Total: 4.314100 ms (FindLiveObjects: 0.264400 ms CreateObjectMapping: 0.124300 ms MarkObjects: 3.895300 ms  DeleteObjects: 0.028400 ms)

AssetImportWorkerClient::OnTransportError - code=2 error=End of file
